<?xml version="1.0" encoding="utf-8"?><testsuites><testsuite name="pytest" errors="0" failures="0" skipped="0" tests="4" time="0.011" timestamp="2024-02-04T22:43:27.547790" hostname="Prajwals-MacBook-Pro.local"><testcase classname="test_math_utils" name="test_add" time="0.000" /><testcase classname="test_math_utils" name="test_subtract" time="0.000" /><testcase classname="test_math_utils" name="test_multiply" time="0.000" /><testcase classname="test_math_utils" name="test_divide" time="0.000" /></testsuite></testsuites>